# JRE version: OpenJDK Runtime Environment Temurin-21.0.5+11 (21.0.5+11) (build 21.0.5+11-LTS)
# Java VM: OpenJDK 64-Bit Server VM Temurin-21.0.5+11 (21.0.5+11-LTS, mixed mode, emulated-client, sharing, tiered, compressed oops, compressed class ptrs, g1 gc, windows-amd64)
GC Precious Log:
 CardTable entry size: 512
 Card Set container configuration: InlinePtr #cards 4 size 8 Array Of Cards #cards 16 size 48 Howl #buckets 8 coarsen threshold 3686 Howl Bitmap #cards 512 size 80 coarsen threshold 460 Card regions per heap region 1 cards per card region 4096
 CPUs: 12 total, 12 available
 Memory: 16163M
 Large Page Support: Disabled
 NUMA Support: Disabled
 Compressed Oops: Enabled (Zero based)
 Heap Region Size: 2M
 Heap Min Capacity: 8M
 Heap Initial Capacity: 254M
 Heap Max Capacity: 4042M
 Pre-touch: Disabled
 Parallel Workers: 10
 Concurrent Workers: 3
 Concurrent Refinement Workers: 10
 Periodic GC: Disabled
Heap:
 garbage-first heap   total 131072K, used 64124K [0x0000000703600000, 0x0000000800000000)
  region size 2048K, 15 young (30720K), 3 survivors (6144K)
 Metaspace       used 84065K, committed 84928K, reserved 1179648K
  class space    used 11844K, committed 12224K, reserved 1048576K
GC Heap History (20 events):
Event: 2.313 GC heap before
{Heap before GC invocations=12 (full 0):
 garbage-first heap   total 161792K, used 112721K [0x0000000703600000, 0x0000000800000000)
  region size 2048K, 47 young (96256K), 2 survivors (4096K)
 Metaspace       used 40044K, committed 40640K, reserved 1114112K
  class space    used 5433K, committed 5696K, reserved 1048576K
}
Event: 2.316 GC heap after
{Heap after GC invocations=13 (full 0):
 garbage-first heap   total 161792K, used 22431K [0x0000000703600000, 0x0000000800000000)
  region size 2048K, 3 young (6144K), 3 survivors (6144K)
 Metaspace       used 40044K, committed 40640K, reserved 1114112K
  class space    used 5433K, committed 5696K, reserved 1048576K
}
Event: 2.548 GC heap before
{Heap before GC invocations=13 (full 0):
 garbage-first heap   total 161792K, used 75679K [0x0000000703600000, 0x0000000800000000)
  region size 2048K, 30 young (61440K), 3 survivors (6144K)
 Metaspace       used 45487K, committed 46016K, reserved 1114112K
  class space    used 6098K, committed 6336K, reserved 1048576K
}
Event: 2.551 GC heap after
{Heap after GC invocations=14 (full 0):
 garbage-first heap   total 161792K, used 24531K [0x0000000703600000, 0x0000000800000000)
  region size 2048K, 4 young (8192K), 4 survivors (8192K)
 Metaspace       used 45487K, committed 46016K, reserved 1114112K
  class space    used 6098K, committed 6336K, reserved 1048576K
}
Event: 2.770 GC heap before
{Heap before GC invocations=15 (full 0):
 garbage-first heap   total 90112K, used 69587K [0x0000000703600000, 0x0000000800000000)
  region size 2048K, 26 young (53248K), 4 survivors (8192K)
 Metaspace       used 49425K, committed 49984K, reserved 1114112K
  class space    used 6616K, committed 6848K, reserved 1048576K
}
Event: 2.774 GC heap after
{Heap after GC invocations=16 (full 0):
 garbage-first heap   total 90112K, used 25901K [0x0000000703600000, 0x0000000800000000)
  region size 2048K, 3 young (6144K), 3 survivors (6144K)
 Metaspace       used 49425K, committed 49984K, reserved 1114112K
  class space    used 6616K, committed 6848K, reserved 1048576K
}
Event: 3.005 GC heap before
{Heap before GC invocations=16 (full 0):
 garbage-first heap   total 90112K, used 70957K [0x0000000703600000, 0x0000000800000000)
  region size 2048K, 26 young (53248K), 3 survivors (6144K)
 Metaspace       used 54611K, committed 55232K, reserved 1114112K
  class space    used 7469K, committed 7744K, reserved 1048576K
}
Event: 3.008 GC heap after
{Heap after GC invocations=17 (full 0):
 garbage-first heap   total 90112K, used 26299K [0x0000000703600000, 0x0000000800000000)
  region size 2048K, 2 young (4096K), 2 survivors (4096K)
 Metaspace       used 54611K, committed 55232K, reserved 1114112K
  class space    used 7469K, committed 7744K, reserved 1048576K
}
Event: 3.281 GC heap before
{Heap before GC invocations=17 (full 0):
 garbage-first heap   total 90112K, used 75451K [0x0000000703600000, 0x0000000800000000)
  region size 2048K, 26 young (53248K), 2 survivors (4096K)
 Metaspace       used 58948K, committed 59584K, reserved 1114112K
  class space    used 8112K, committed 8384K, reserved 1048576K
}
Event: 3.284 GC heap after
{Heap after GC invocations=18 (full 0):
 garbage-first heap   total 108544K, used 27732K [0x0000000703600000, 0x0000000800000000)
  region size 2048K, 3 young (6144K), 3 survivors (6144K)
 Metaspace       used 58948K, committed 59584K, reserved 1114112K
  class space    used 8112K, committed 8384K, reserved 1048576K
}
Event: 3.563 GC heap before
{Heap before GC invocations=18 (full 0):
 garbage-first heap   total 108544K, used 83028K [0x0000000703600000, 0x0000000800000000)
  region size 2048K, 31 young (63488K), 3 survivors (6144K)
 Metaspace       used 63736K, committed 64448K, reserved 1114112K
  class space    used 8812K, committed 9152K, reserved 1048576K
}
Event: 3.567 GC heap after
{Heap after GC invocations=19 (full 0):
 garbage-first heap   total 108544K, used 30150K [0x0000000703600000, 0x0000000800000000)
  region size 2048K, 3 young (6144K), 3 survivors (6144K)
 Metaspace       used 63736K, committed 64448K, reserved 1114112K
  class space    used 8812K, committed 9152K, reserved 1048576K
}
Event: 3.794 GC heap before
{Heap before GC invocations=19 (full 0):
 garbage-first heap   total 108544K, used 87494K [0x0000000703600000, 0x0000000800000000)
  region size 2048K, 31 young (63488K), 3 survivors (6144K)
 Metaspace       used 67759K, committed 68480K, reserved 1114112K
  class space    used 9500K, committed 9856K, reserved 1048576K
}
Event: 3.797 GC heap after
{Heap after GC invocations=20 (full 0):
 garbage-first heap   total 108544K, used 32312K [0x0000000703600000, 0x0000000800000000)
  region size 2048K, 3 young (6144K), 3 survivors (6144K)
 Metaspace       used 67759K, committed 68480K, reserved 1114112K
  class space    used 9500K, committed 9856K, reserved 1048576K
}
Event: 4.120 GC heap before
{Heap before GC invocations=20 (full 0):
 garbage-first heap   total 108544K, used 89656K [0x0000000703600000, 0x0000000800000000)
  region size 2048K, 31 young (63488K), 3 survivors (6144K)
 Metaspace       used 73053K, committed 73856K, reserved 1114112K
  class space    used 10196K, committed 10560K, reserved 1048576K
}
Event: 4.124 GC heap after
{Heap after GC invocations=21 (full 0):
 garbage-first heap   total 108544K, used 36121K [0x0000000703600000, 0x0000000800000000)
  region size 2048K, 3 young (6144K), 3 survivors (6144K)
 Metaspace       used 73053K, committed 73856K, reserved 1114112K
  class space    used 10196K, committed 10560K, reserved 1048576K
}
Event: 4.423 GC heap before
{Heap before GC invocations=21 (full 0):
 garbage-first heap   total 108544K, used 85273K [0x0000000703600000, 0x0000000800000000)
  region size 2048K, 28 young (57344K), 3 survivors (6144K)
 Metaspace       used 76286K, committed 77056K, reserved 1179648K
  class space    used 10709K, committed 11072K, reserved 1048576K
}
Event: 4.427 GC heap after
{Heap after GC invocations=22 (full 0):
 garbage-first heap   total 131072K, used 39210K [0x0000000703600000, 0x0000000800000000)
  region size 2048K, 4 young (8192K), 4 survivors (8192K)
 Metaspace       used 76286K, committed 77056K, reserved 1179648K
  class space    used 10709K, committed 11072K, reserved 1048576K
}
Event: 12.529 GC heap before
{Heap before GC invocations=23 (full 0):
 garbage-first heap   total 131072K, used 106794K [0x0000000703600000, 0x0000000800000000)
  region size 2048K, 38 young (77824K), 4 survivors (8192K)
 Metaspace       used 82365K, committed 83200K, reserved 1179648K
  class space    used 11588K, committed 11968K, reserved 1048576K
}
Event: 12.533 GC heap after
{Heap after GC invocations=24 (full 0):
 garbage-first heap   total 131072K, used 41596K [0x0000000703600000, 0x0000000800000000)
  region size 2048K, 3 young (6144K), 3 survivors (6144K)
 Metaspace       used 82365K, committed 83200K, reserved 1179648K
  class space    used 11588K, committed 11968K, reserved 1048576K
}

